Arguments: 
  /Users/d068996/Code/_me/_tools/emsdk/node/8.9.1_64bit/bin/node /Users/d068996/.yarn/bin/yarn.js add allocator

PATH: 
  /Users/d068996/Code/_me/_tools/emsdk:/Users/d068996/Code/_me/_tools/emsdk/clang/e1.38.29_64bit:/Users/d068996/Code/_me/_tools/emsdk/node/8.9.1_64bit/bin:/Users/d068996/Code/_me/_tools/emsdk/emscripten/1.38.29:/Users/d068996/.rvm/gems/ruby-2.5.1/bin:/Users/d068996/.rvm/gems/ruby-2.5.1@global/bin:/Users/d068996/.rvm/rubies/ruby-2.5.1/bin:/Users/d068996/.rbenv/versions/2.4.2/bin:/Users/d068996/.rbenv/shims:/Users/d068996/.yarn/bin:/Users/d068996/.config/yarn/global/node_modules/.bin:/Users/d068996/.nvm/versions/node/v8.10.0/bin:/Library/Frameworks/Python.framework/Versions/2.7/bin:/Users/d068996/.cargo/bin:/usr/local/bin:/usr/bin:/bin:/usr/sbin:/sbin:/Users/d068996/.rvm/bin:/usr/local/Cellar/python/3.6.5_1/Frameworks/Python.framework/Versions/3.6/bin

Yarn version: 
  1.5.1

Node version: 
  8.9.1

Platform: 
  darwin x64

npm manifest: 
  {
    "devDependencies": {
      "assemblyscript": "AssemblyScript/assemblyscript",
      "typescript": "^3.4.1"
    },
    "scripts": {
      "asbuild:untouched": "asc assembly/index.ts -b build/untouched.wasm -t build/untouched.wat --sourceMap --validate --debug",
      "asbuild:optimized": "asc assembly/index.ts -b build/optimized.wasm -t build/optimized.wat --sourceMap --validate --optimize",
      "asbuild": "npm run asbuild:untouched && npm run asbuild:optimized"
    }
  }

yarn manifest: 
  No manifest

Lockfile: 
  # THIS IS AN AUTOGENERATED FILE. DO NOT EDIT THIS FILE DIRECTLY.
  # yarn lockfile v1
  
  
  "@protobufjs/utf8@^1.1.0":
    version "1.1.0"
    resolved "https://registry.yarnpkg.com/@protobufjs/utf8/-/utf8-1.1.0.tgz#a777360b5b39a1a2e5106f8e858f2fd2d060c570"
  
  assemblyscript@AssemblyScript/assemblyscript:
    version "0.6.0"
    resolved "https://codeload.github.com/AssemblyScript/assemblyscript/tar.gz/abf3de9076da002ff20a86d8d163017ad85815e0"
    dependencies:
      "@protobufjs/utf8" "^1.1.0"
      binaryen "73.0.0-nightly.20190327"
      glob "^7.1.3"
      long "^4.0.0"
      opencollective-postinstall "^2.0.0"
      source-map-support "^0.5.11"
  
  balanced-match@^1.0.0:
    version "1.0.0"
    resolved "https://registry.yarnpkg.com/balanced-match/-/balanced-match-1.0.0.tgz#89b4d199ab2bee49de164ea02b89ce462d71b767"
  
  binaryen@73.0.0-nightly.20190327:
    version "73.0.0-nightly.20190327"
    resolved "https://registry.yarnpkg.com/binaryen/-/binaryen-73.0.0-nightly.20190327.tgz#131f58e7a4ce2296f4e35d1b3cc8c955f251c17e"
  
  brace-expansion@^1.1.7:
    version "1.1.11"
    resolved "https://registry.yarnpkg.com/brace-expansion/-/brace-expansion-1.1.11.tgz#3c7fcbf529d87226f3d2f52b966ff5271eb441dd"
    dependencies:
      balanced-match "^1.0.0"
      concat-map "0.0.1"
  
  buffer-from@^1.0.0:
    version "1.1.1"
    resolved "https://registry.yarnpkg.com/buffer-from/-/buffer-from-1.1.1.tgz#32713bc028f75c02fdb710d7c7bcec1f2c6070ef"
  
  concat-map@0.0.1:
    version "0.0.1"
    resolved "https://registry.yarnpkg.com/concat-map/-/concat-map-0.0.1.tgz#d8a96bd77fd68df7793a73036a3ba0d5405d477b"
  
  fs.realpath@^1.0.0:
    version "1.0.0"
    resolved "https://registry.yarnpkg.com/fs.realpath/-/fs.realpath-1.0.0.tgz#1504ad2523158caa40db4a2787cb01411994ea4f"
  
  glob@^7.1.3:
    version "7.1.3"
    resolved "https://registry.yarnpkg.com/glob/-/glob-7.1.3.tgz#3960832d3f1574108342dafd3a67b332c0969df1"
    dependencies:
      fs.realpath "^1.0.0"
      inflight "^1.0.4"
      inherits "2"
      minimatch "^3.0.4"
      once "^1.3.0"
      path-is-absolute "^1.0.0"
  
  inflight@^1.0.4:
    version "1.0.6"
    resolved "https://registry.yarnpkg.com/inflight/-/inflight-1.0.6.tgz#49bd6331d7d02d0c09bc910a1075ba8165b56df9"
    dependencies:
      once "^1.3.0"
      wrappy "1"
  
  inherits@2:
    version "2.0.3"
    resolved "https://registry.yarnpkg.com/inherits/-/inherits-2.0.3.tgz#633c2c83e3da42a502f52466022480f4208261de"
  
  long@^4.0.0:
    version "4.0.0"
    resolved "https://registry.yarnpkg.com/long/-/long-4.0.0.tgz#9a7b71cfb7d361a194ea555241c92f7468d5bf28"
  
  minimatch@^3.0.4:
    version "3.0.4"
    resolved "https://registry.yarnpkg.com/minimatch/-/minimatch-3.0.4.tgz#5166e286457f03306064be5497e8dbb0c3d32083"
    dependencies:
      brace-expansion "^1.1.7"
  
  once@^1.3.0:
    version "1.4.0"
    resolved "https://registry.yarnpkg.com/once/-/once-1.4.0.tgz#583b1aa775961d4b113ac17d9c50baef9dd76bd1"
    dependencies:
      wrappy "1"
  
  opencollective-postinstall@^2.0.0:
    version "2.0.2"
    resolved "https://registry.yarnpkg.com/opencollective-postinstall/-/opencollective-postinstall-2.0.2.tgz#5657f1bede69b6e33a45939b061eb53d3c6c3a89"
  
  path-is-absolute@^1.0.0:
    version "1.0.1"
    resolved "https://registry.yarnpkg.com/path-is-absolute/-/path-is-absolute-1.0.1.tgz#174b9268735534ffbc7ace6bf53a5a9e1b5c5f5f"
  
  source-map-support@^0.5.11:
    version "0.5.11"
    resolved "https://registry.yarnpkg.com/source-map-support/-/source-map-support-0.5.11.tgz#efac2ce0800355d026326a0ca23e162aeac9a4e2"
    dependencies:
      buffer-from "^1.0.0"
      source-map "^0.6.0"
  
  source-map@^0.6.0:
    version "0.6.1"
    resolved "https://registry.yarnpkg.com/source-map/-/source-map-0.6.1.tgz#74722af32e9614e9c287a8d0bbde48b5e2f1a263"
  
  typescript@^3.4.1:
    version "3.4.1"
    resolved "https://registry.yarnpkg.com/typescript/-/typescript-3.4.1.tgz#b6691be11a881ffa9a05765a205cb7383f3b63c6"
  
  wrappy@1:
    version "1.0.2"
    resolved "https://registry.yarnpkg.com/wrappy/-/wrappy-1.0.2.tgz#b5243d8f3ec1aa35f1364605bc0d1036e30ab69f"

Trace: 
  Error: No valid versions found for "allocator". The package may be unpublished.
      at new MessageError (/Users/d068996/.yarn/lib/cli.js:186:110)
      at Function.<anonymous> (/Users/d068996/.yarn/lib/cli.js:51415:15)
      at Generator.next (<anonymous>)
      at step (/Users/d068996/.yarn/lib/cli.js:98:30)
      at /Users/d068996/.yarn/lib/cli.js:116:14
      at new Promise (<anonymous>)
      at new F (/Users/d068996/.yarn/lib/cli.js:23451:28)
      at Function.<anonymous> (/Users/d068996/.yarn/lib/cli.js:95:12)
      at Function.findVersionInRegistryResponse (/Users/d068996/.yarn/lib/cli.js:51461:19)
      at NpmResolver.<anonymous> (/Users/d068996/.yarn/lib/cli.js:51479:28)
